<?xml version="1.0" encoding="UTF-8"?>
<testsuite name="com.codesquad.todo5.Todo5ApplicationTests" tests="1" skipped="0" failures="0" errors="0" timestamp="2020-04-14T12:38:06" hostname="Museopui-MacBookPro.local" time="0.517">
  <properties/>
  <testcase name="contextLoads()" classname="com.codesquad.todo5.Todo5ApplicationTests" time="0.517"/>
  <system-out><![CDATA[21:38:02.302 [Test worker] DEBUG org.springframework.test.context.BootstrapUtils - Instantiating CacheAwareContextLoaderDelegate from class [org.springframework.test.context.cache.DefaultCacheAwareContextLoaderDelegate]
21:38:02.313 [Test worker] DEBUG org.springframework.test.context.BootstrapUtils - Instantiating BootstrapContext using constructor [public org.springframework.test.context.support.DefaultBootstrapContext(java.lang.Class,org.springframework.test.context.CacheAwareContextLoaderDelegate)]
21:38:02.334 [Test worker] DEBUG org.springframework.test.context.BootstrapUtils - Instantiating TestContextBootstrapper for test class [com.codesquad.todo5.Todo5ApplicationTests] from class [org.springframework.boot.test.context.SpringBootTestContextBootstrapper]
21:38:02.346 [Test worker] INFO org.springframework.boot.test.context.SpringBootTestContextBootstrapper - Neither @ContextConfiguration nor @ContextHierarchy found for test class [com.codesquad.todo5.Todo5ApplicationTests], using SpringBootContextLoader
21:38:02.350 [Test worker] DEBUG org.springframework.test.context.support.AbstractContextLoader - Did not detect default resource location for test class [com.codesquad.todo5.Todo5ApplicationTests]: class path resource [com/codesquad/todo5/Todo5ApplicationTests-context.xml] does not exist
21:38:02.351 [Test worker] DEBUG org.springframework.test.context.support.AbstractContextLoader - Did not detect default resource location for test class [com.codesquad.todo5.Todo5ApplicationTests]: class path resource [com/codesquad/todo5/Todo5ApplicationTestsContext.groovy] does not exist
21:38:02.351 [Test worker] INFO org.springframework.test.context.support.AbstractContextLoader - Could not detect default resource locations for test class [com.codesquad.todo5.Todo5ApplicationTests]: no resource found for suffixes {-context.xml, Context.groovy}.
21:38:02.352 [Test worker] INFO org.springframework.test.context.support.AnnotationConfigContextLoaderUtils - Could not detect default configuration classes for test class [com.codesquad.todo5.Todo5ApplicationTests]: Todo5ApplicationTests does not declare any static, non-private, non-final, nested classes annotated with @Configuration.
21:38:02.385 [Test worker] DEBUG org.springframework.test.context.support.ActiveProfilesUtils - Could not find an 'annotation declaring class' for annotation type [org.springframework.test.context.ActiveProfiles] and class [com.codesquad.todo5.Todo5ApplicationTests]
21:38:02.433 [Test worker] DEBUG org.springframework.context.annotation.ClassPathScanningCandidateComponentProvider - Identified candidate component class: file [/Users/museop/Documents/todo05/BE/build/classes/java/main/com/codesquad/todo5/Todo5Application.class]
21:38:02.434 [Test worker] INFO org.springframework.boot.test.context.SpringBootTestContextBootstrapper - Found @SpringBootConfiguration com.codesquad.todo5.Todo5Application for test class com.codesquad.todo5.Todo5ApplicationTests
21:38:02.502 [Test worker] DEBUG org.springframework.boot.test.context.SpringBootTestContextBootstrapper - @TestExecutionListeners is not present for class [com.codesquad.todo5.Todo5ApplicationTests]: using defaults.
21:38:02.503 [Test worker] INFO org.springframework.boot.test.context.SpringBootTestContextBootstrapper - Loaded default TestExecutionListener class names from location [META-INF/spring.factories]: [org.springframework.test.context.web.ServletTestExecutionListener, org.springframework.test.context.support.DirtiesContextBeforeModesTestExecutionListener, org.springframework.test.context.support.DependencyInjectionTestExecutionListener, org.springframework.test.context.support.DirtiesContextTestExecutionListener, org.springframework.test.context.transaction.TransactionalTestExecutionListener, org.springframework.test.context.jdbc.SqlScriptsTestExecutionListener, org.springframework.test.context.event.EventPublishingTestExecutionListener, org.springframework.boot.test.autoconfigure.restdocs.RestDocsTestExecutionListener, org.springframework.boot.test.autoconfigure.web.client.MockRestServiceServerResetTestExecutionListener, org.springframework.boot.test.autoconfigure.web.servlet.MockMvcPrintOnlyOnFailureTestExecutionListener, org.springframework.boot.test.autoconfigure.web.servlet.WebDriverTestExecutionListener, org.springframework.boot.test.mock.mockito.MockitoTestExecutionListener, org.springframework.boot.test.mock.mockito.ResetMocksTestExecutionListener]
21:38:02.519 [Test worker] INFO org.springframework.boot.test.context.SpringBootTestContextBootstrapper - Using TestExecutionListeners: [org.springframework.test.context.web.ServletTestExecutionListener@6950b7bb, org.springframework.test.context.support.DirtiesContextBeforeModesTestExecutionListener@5dd4b09f, org.springframework.boot.test.mock.mockito.MockitoTestExecutionListener@25cee809, org.springframework.boot.test.autoconfigure.SpringBootDependencyInjectionTestExecutionListener@4ad35969, org.springframework.test.context.support.DirtiesContextTestExecutionListener@26d2d2e7, org.springframework.test.context.transaction.TransactionalTestExecutionListener@5efadeea, org.springframework.test.context.jdbc.SqlScriptsTestExecutionListener@c26eb9c, org.springframework.test.context.event.EventPublishingTestExecutionListener@5ceef360, org.springframework.boot.test.autoconfigure.restdocs.RestDocsTestExecutionListener@6c9b57f0, org.springframework.boot.test.autoconfigure.web.client.MockRestServiceServerResetTestExecutionListener@649ed907, org.springframework.boot.test.autoconfigure.web.servlet.MockMvcPrintOnlyOnFailureTestExecutionListener@5f5fa403, org.springframework.boot.test.autoconfigure.web.servlet.WebDriverTestExecutionListener@7401397b, org.springframework.boot.test.mock.mockito.ResetMocksTestExecutionListener@4293d4dc]
21:38:02.522 [Test worker] DEBUG org.springframework.test.context.support.AbstractDirtiesContextTestExecutionListener - Before test class: context [DefaultTestContext@39fac374 testClass = Todo5ApplicationTests, testInstance = [null], testMethod = [null], testException = [null], mergedContextConfiguration = [WebMergedContextConfiguration@38003cc7 testClass = Todo5ApplicationTests, locations = '{}', classes = '{class com.codesquad.todo5.Todo5Application}', contextInitializerClasses = '[]', activeProfiles = '{}', propertySourceLocations = '{}', propertySourceProperties = '{org.springframework.boot.test.context.SpringBootTestContextBootstrapper=true}', contextCustomizers = set[org.springframework.boot.test.autoconfigure.properties.PropertyMappingContextCustomizer@0, org.springframework.boot.test.autoconfigure.web.servlet.WebDriverContextCustomizerFactory$Customizer@2c3c137a, org.springframework.boot.test.context.filter.ExcludeFilterContextCustomizer@148e33ee, org.springframework.boot.test.json.DuplicateJsonObjectContextCustomizerFactory$DuplicateJsonObjectContextCustomizer@1f0e3953, org.springframework.boot.test.mock.mockito.MockitoContextCustomizer@0, org.springframework.boot.test.web.client.TestRestTemplateContextCustomizer@3b689303], resourceBasePath = 'src/main/webapp', contextLoader = 'org.springframework.boot.test.context.SpringBootContextLoader', parent = [null]], attributes = map['org.springframework.test.context.web.ServletTestExecutionListener.activateListener' -> true]], class annotated with @DirtiesContext [false] with mode [null].
21:38:02.546 [Test worker] DEBUG org.springframework.test.context.support.TestPropertySourceUtils - Adding inlined properties to environment: {spring.jmx.enabled=false, org.springframework.boot.test.context.SpringBootTestContextBootstrapper=true, server.port=-1}

  .   ____          _            __ _ _
 /\\ / ___'_ __ _ _(_)_ __  __ _ \ \ \ \
( ( )\___ | '_ | '_| | '_ \/ _` | \ \ \ \
 \\/  ___)| |_)| | | | | || (_| |  ) ) ) )
  '  |____| .__|_| |_|_| |_\__, | / / / /
 =========|_|==============|___/=/_/_/_/
 :: Spring Boot ::        (v2.2.6.RELEASE)

INFO  o.s.d.r.c.RepositoryConfigurationDelegate - Bootstrapping Spring Data JDBC repositories in DEFAULT mode.
INFO  o.s.d.r.c.RepositoryConfigurationDelegate - Finished Spring Data repository scanning in 55ms. Found 4 JDBC repository interfaces.
DEBUG com.zaxxer.hikari.HikariConfig - Driver class org.h2.Driver found in Thread context class loader jdk.internal.loader.ClassLoaders$AppClassLoader@277050dc
DEBUG com.zaxxer.hikari.HikariConfig - HikariPool-1 - configuration:
DEBUG com.zaxxer.hikari.HikariConfig - allowPoolSuspension.............false
DEBUG com.zaxxer.hikari.HikariConfig - autoCommit......................true
DEBUG com.zaxxer.hikari.HikariConfig - catalog.........................none
DEBUG com.zaxxer.hikari.HikariConfig - connectionInitSql...............none
DEBUG com.zaxxer.hikari.HikariConfig - connectionTestQuery.............none
DEBUG com.zaxxer.hikari.HikariConfig - connectionTimeout...............20000
DEBUG com.zaxxer.hikari.HikariConfig - dataSource......................none
DEBUG com.zaxxer.hikari.HikariConfig - dataSourceClassName.............none
DEBUG com.zaxxer.hikari.HikariConfig - dataSourceJNDI..................none
DEBUG com.zaxxer.hikari.HikariConfig - dataSourceProperties............{password=<masked>}
DEBUG com.zaxxer.hikari.HikariConfig - driverClassName................."org.h2.Driver"
DEBUG com.zaxxer.hikari.HikariConfig - healthCheckProperties...........{}
DEBUG com.zaxxer.hikari.HikariConfig - healthCheckRegistry.............none
DEBUG com.zaxxer.hikari.HikariConfig - idleTimeout.....................600000
DEBUG com.zaxxer.hikari.HikariConfig - initializationFailTimeout.......1
DEBUG com.zaxxer.hikari.HikariConfig - isolateInternalQueries..........false
DEBUG com.zaxxer.hikari.HikariConfig - jdbcUrl.........................jdbc:h2:mem:testdb
DEBUG com.zaxxer.hikari.HikariConfig - leakDetectionThreshold..........0
DEBUG com.zaxxer.hikari.HikariConfig - maxLifetime.....................1800000
DEBUG com.zaxxer.hikari.HikariConfig - maximumPoolSize.................5
DEBUG com.zaxxer.hikari.HikariConfig - metricRegistry..................none
DEBUG com.zaxxer.hikari.HikariConfig - metricsTrackerFactory...........none
DEBUG com.zaxxer.hikari.HikariConfig - minimumIdle.....................5
DEBUG com.zaxxer.hikari.HikariConfig - password........................<masked>
DEBUG com.zaxxer.hikari.HikariConfig - poolName........................"HikariPool-1"
DEBUG com.zaxxer.hikari.HikariConfig - readOnly........................false
DEBUG com.zaxxer.hikari.HikariConfig - registerMbeans..................false
DEBUG com.zaxxer.hikari.HikariConfig - scheduledExecutor...............none
DEBUG com.zaxxer.hikari.HikariConfig - schema..........................none
DEBUG com.zaxxer.hikari.HikariConfig - threadFactory...................internal
DEBUG com.zaxxer.hikari.HikariConfig - transactionIsolation............default
DEBUG com.zaxxer.hikari.HikariConfig - username........................"sa"
DEBUG com.zaxxer.hikari.HikariConfig - validationTimeout...............5000
INFO  com.zaxxer.hikari.HikariDataSource - HikariPool-1 - Starting...
DEBUG com.zaxxer.hikari.pool.HikariPool - HikariPool-1 - Added connection conn0: url=jdbc:h2:mem:testdb user=SA
INFO  com.zaxxer.hikari.HikariDataSource - HikariPool-1 - Start completed.
DEBUG com.zaxxer.hikari.pool.HikariPool - HikariPool-1 - Pool stats (total=1, active=0, idle=1, waiting=0)
DEBUG com.zaxxer.hikari.pool.HikariPool - HikariPool-1 - Added connection conn1: url=jdbc:h2:mem:testdb user=SA
DEBUG com.zaxxer.hikari.pool.HikariPool - HikariPool-1 - Added connection conn2: url=jdbc:h2:mem:testdb user=SA
DEBUG com.zaxxer.hikari.pool.HikariPool - HikariPool-1 - Added connection conn3: url=jdbc:h2:mem:testdb user=SA
DEBUG com.zaxxer.hikari.pool.HikariPool - HikariPool-1 - Added connection conn4: url=jdbc:h2:mem:testdb user=SA
DEBUG com.zaxxer.hikari.pool.HikariPool - HikariPool-1 - After adding stats (total=5, active=0, idle=5, waiting=0)
INFO  o.s.s.c.ThreadPoolTaskExecutor - Initializing ExecutorService 'applicationTaskExecutor'
INFO  o.s.b.a.h.H2ConsoleAutoConfiguration - H2 console available at '/h2'. Database available at 'jdbc:h2:mem:testdb'
]]></system-out>
  <system-err><![CDATA[]]></system-err>
</testsuite>
